<?xml version="1.0" encoding="UTF-8"?>
<testng-results ignored="0" total="2" passed="2" failed="0" skipped="0">
  <reporter-output>
  </reporter-output>
  <suite started-at="2025-01-02T23:34:10 IST" name="Default suite" finished-at="2025-01-02T23:34:30 IST" duration-ms="19769">
    <groups>
    </groups>
    <test started-at="2025-01-02T23:34:10 IST" name="Default test" finished-at="2025-01-02T23:34:30 IST" duration-ms="19769">
      <class name="TestNG.AnnotationEg">
        <test-method is-config="true" signature="beforeMethod()[pri:0, instance:TestNG.AnnotationEg@61df66b6]" started-at="2025-01-02T23:34:10 IST" name="beforeMethod" finished-at="2025-01-02T23:34:18 IST" duration-ms="7789" status="PASS">
          <reporter-output>
          </reporter-output>
        </test-method> <!-- beforeMethod -->
        <test-method signature="verifyLoginFeatureWorkingWithValidCredentials()[pri:0, instance:TestNG.AnnotationEg@61df66b6]" started-at="2025-01-02T23:34:18 IST" name="verifyLoginFeatureWorkingWithValidCredentials" finished-at="2025-01-02T23:34:21 IST" duration-ms="2461" status="PASS">
          <reporter-output>
          </reporter-output>
        </test-method> <!-- verifyLoginFeatureWorkingWithValidCredentials -->
        <test-method is-config="true" signature="afterMethod()[pri:0, instance:TestNG.AnnotationEg@61df66b6]" started-at="2025-01-02T23:34:21 IST" name="afterMethod" finished-at="2025-01-02T23:34:21 IST" duration-ms="234" status="PASS">
          <reporter-output>
          </reporter-output>
        </test-method> <!-- afterMethod -->
        <test-method is-config="true" signature="beforeMethod()[pri:0, instance:TestNG.AnnotationEg@61df66b6]" started-at="2025-01-02T23:34:21 IST" name="beforeMethod" finished-at="2025-01-02T23:34:26 IST" duration-ms="4736" status="PASS">
          <reporter-output>
          </reporter-output>
        </test-method> <!-- beforeMethod -->
        <test-method signature="verifyTheTextSearchButtonOfClientPage()[pri:0, instance:TestNG.AnnotationEg@61df66b6]" started-at="2025-01-02T23:34:26 IST" name="verifyTheTextSearchButtonOfClientPage" finished-at="2025-01-02T23:34:30 IST" duration-ms="4278" status="PASS">
          <reporter-output>
          </reporter-output>
        </test-method> <!-- verifyTheTextSearchButtonOfClientPage -->
        <test-method is-config="true" signature="afterMethod()[pri:0, instance:TestNG.AnnotationEg@61df66b6]" started-at="2025-01-02T23:34:30 IST" name="afterMethod" finished-at="2025-01-02T23:34:30 IST" duration-ms="185" status="PASS">
          <reporter-output>
          </reporter-output>
        </test-method> <!-- afterMethod -->
      </class> <!-- TestNG.AnnotationEg -->
    </test> <!-- Default test -->
  </suite> <!-- Default suite -->
</testng-results>
