<?xml version="1.0" encoding="UTF-8"?>
<!-- Generated by org.testng.reporters.JUnitXMLReporter -->
<testsuite ignored="0" hostname="DESKTOP-7B191US" failures="0" tests="2" name="Default test" time="19.769" errors="0" timestamp="2025-01-02T23:34:30 IST">
  <testcase classname="TestNG.AnnotationEg" name="verifyLoginFeatureWorkingWithValidCredentials" time="2.461"/>
  <testcase classname="TestNG.AnnotationEg" name="verifyTheTextSearchButtonOfClientPage" time="4.278"/>
</testsuite> <!-- Default test -->
